{"/home/travis/build/npmtest/node-npmtest-ttf2eot/test.js":{"path":"/home/travis/build/npmtest/node-npmtest-ttf2eot/test.js","s":{"1":1,"2":1,"3":1,"4":1,"5":1,"6":1,"7":1,"8":1,"9":1,"10":1,"11":0,"12":0,"13":1,"14":1,"15":1,"16":1,"17":1,"18":1,"19":0,"20":1,"21":1,"22":1,"23":1,"24":0,"25":0,"26":0,"27":0,"28":1,"29":1,"30":1,"31":1,"32":1,"33":1,"34":1,"35":1,"36":1,"37":1,"38":1,"39":2,"40":2,"41":1,"42":2,"43":2,"44":1,"45":2,"46":2,"47":1,"48":2,"49":2,"50":1,"51":1,"52":1,"53":1,"54":1},"b":{"1":[1,0,0,0],"2":[1,1,1,1],"3":[0,1],"4":[0,1],"5":[0,0],"6":[1,1],"7":[0,1],"8":[0,1],"9":[0,0],"10":[0,0,0],"11":[1,1],"12":[1,1],"13":[1,1],"14":[1,1],"15":[1,1],"16":[1,1],"17":[1,1]},"f":{"1":1,"2":1,"3":1,"4":1,"5":1,"6":0,"7":1,"8":1,"9":2,"10":2,"11":2,"12":2,"13":1},"fnMap":{"1":{"name":"(anonymous_1)","line":12,"loc":{"start":{"line":12,"column":1},"end":{"line":12,"column":13}}},"2":{"name":"(anonymous_2)","line":19,"loc":{"start":{"line":19,"column":5},"end":{"line":19,"column":17}}},"3":{"name":"(anonymous_3)","line":23,"loc":{"start":{"line":23,"column":24},"end":{"line":23,"column":36}}},"4":{"name":"(anonymous_4)","line":61,"loc":{"start":{"line":61,"column":5},"end":{"line":61,"column":17}}},"5":{"name":"(anonymous_5)","line":82,"loc":{"start":{"line":82,"column":5},"end":{"line":82,"column":17}}},"6":{"name":"(anonymous_6)","line":91,"loc":{"start":{"line":91,"column":77},"end":{"line":94,"column":10}}},"7":{"name":"(anonymous_7)","line":112,"loc":{"start":{"line":112,"column":83},"end":{"line":115,"column":10}},"skip":true},"8":{"name":"(anonymous_8)","line":123,"loc":{"start":{"line":123,"column":77},"end":{"line":126,"column":10}},"skip":true},"9":{"name":"(anonymous_9)","line":139,"loc":{"start":{"line":139,"column":12},"end":{"line":139,"column":40}},"skip":true},"10":{"name":"(anonymous_10)","line":147,"loc":{"start":{"line":147,"column":77},"end":{"line":150,"column":10}},"skip":true},"11":{"name":"(anonymous_11)","line":158,"loc":{"start":{"line":158,"column":83},"end":{"line":161,"column":10}},"skip":true},"12":{"name":"(anonymous_12)","line":169,"loc":{"start":{"line":169,"column":79},"end":{"line":172,"column":10}},"skip":true},"13":{"name":"(anonymous_13)","line":180,"loc":{"start":{"line":180,"column":75},"end":{"line":183,"column":10}},"skip":true}},"statementMap":{"1":{"start":{"line":12,"column":0},"end":{"line":195,"column":5}},"2":{"start":{"line":14,"column":4},"end":{"line":14,"column":14}},"3":{"start":{"line":19,"column":4},"end":{"line":56,"column":9}},"4":{"start":{"line":21,"column":8},"end":{"line":21,"column":19}},"5":{"start":{"line":23,"column":8},"end":{"line":35,"column":13}},"6":{"start":{"line":24,"column":12},"end":{"line":34,"column":13}},"7":{"start":{"line":25,"column":16},"end":{"line":28,"column":30}},"8":{"start":{"line":30,"column":16},"end":{"line":33,"column":27}},"9":{"start":{"line":37,"column":8},"end":{"line":39,"column":21}},"10":{"start":{"line":40,"column":8},"end":{"line":53,"column":9}},"11":{"start":{"line":43,"column":12},"end":{"line":46,"column":14}},"12":{"start":{"line":47,"column":12},"end":{"line":47,"column":18}},"13":{"start":{"line":50,"column":12},"end":{"line":51,"column":33}},"14":{"start":{"line":52,"column":12},"end":{"line":52,"column":18}},"15":{"start":{"line":55,"column":8},"end":{"line":55,"column":35}},"16":{"start":{"line":61,"column":4},"end":{"line":63,"column":9}},"17":{"start":{"line":62,"column":8},"end":{"line":62,"column":15}},"18":{"start":{"line":64,"column":4},"end":{"line":77,"column":5}},"19":{"start":{"line":70,"column":8},"end":{"line":70,"column":14}},"20":{"start":{"line":76,"column":8},"end":{"line":76,"column":14}},"21":{"start":{"line":82,"column":4},"end":{"line":84,"column":9}},"22":{"start":{"line":83,"column":8},"end":{"line":83,"column":15}},"23":{"start":{"line":85,"column":4},"end":{"line":194,"column":5}},"24":{"start":{"line":91,"column":8},"end":{"line":99,"column":10}},"25":{"start":{"line":98,"column":12},"end":{"line":98,"column":35}},"26":{"start":{"line":102,"column":8},"end":{"line":104,"column":63}},"27":{"start":{"line":105,"column":8},"end":{"line":105,"column":14}},"28":{"start":{"line":112,"column":8},"end":{"line":121,"column":10},"skip":true},"29":{"start":{"line":119,"column":12},"end":{"line":119,"column":55},"skip":true},"30":{"start":{"line":120,"column":12},"end":{"line":120,"column":48},"skip":true},"31":{"start":{"line":123,"column":8},"end":{"line":136,"column":10},"skip":true},"32":{"start":{"line":130,"column":12},"end":{"line":130,"column":76},"skip":true},"33":{"start":{"line":131,"column":12},"end":{"line":131,"column":73},"skip":true},"34":{"start":{"line":132,"column":12},"end":{"line":132,"column":74},"skip":true},"35":{"start":{"line":133,"column":12},"end":{"line":133,"column":79},"skip":true},"36":{"start":{"line":134,"column":12},"end":{"line":134,"column":25},"skip":true},"37":{"start":{"line":135,"column":12},"end":{"line":135,"column":45},"skip":true},"38":{"start":{"line":138,"column":8},"end":{"line":145,"column":14},"skip":true},"39":{"start":{"line":143,"column":16},"end":{"line":143,"column":29},"skip":true},"40":{"start":{"line":144,"column":16},"end":{"line":144,"column":55},"skip":true},"41":{"start":{"line":147,"column":8},"end":{"line":156,"column":10},"skip":true},"42":{"start":{"line":154,"column":12},"end":{"line":154,"column":25},"skip":true},"43":{"start":{"line":155,"column":12},"end":{"line":155,"column":45},"skip":true},"44":{"start":{"line":158,"column":8},"end":{"line":167,"column":10},"skip":true},"45":{"start":{"line":165,"column":12},"end":{"line":165,"column":25},"skip":true},"46":{"start":{"line":166,"column":12},"end":{"line":166,"column":48},"skip":true},"47":{"start":{"line":169,"column":8},"end":{"line":178,"column":10},"skip":true},"48":{"start":{"line":176,"column":12},"end":{"line":176,"column":25},"skip":true},"49":{"start":{"line":177,"column":12},"end":{"line":177,"column":46},"skip":true},"50":{"start":{"line":180,"column":8},"end":{"line":189,"column":10},"skip":true},"51":{"start":{"line":187,"column":12},"end":{"line":187,"column":94},"skip":true},"52":{"start":{"line":188,"column":12},"end":{"line":188,"column":48},"skip":true},"53":{"start":{"line":192,"column":8},"end":{"line":192,"column":35},"skip":true},"54":{"start":{"line":193,"column":8},"end":{"line":193,"column":14},"skip":true}},"branchMap":{"1":{"line":25,"type":"binary-expr","locations":[{"start":{"line":25,"column":23},"end":{"line":25,"column":62}},{"start":{"line":26,"column":20},"end":{"line":26,"column":70}},{"start":{"line":27,"column":20},"end":{"line":27,"column":71}},{"start":{"line":28,"column":20},"end":{"line":28,"column":29}}]},"2":{"line":30,"type":"binary-expr","locations":[{"start":{"line":30,"column":23},"end":{"line":30,"column":37}},{"start":{"line":31,"column":20},"end":{"line":31,"column":61}},{"start":{"line":32,"column":20},"end":{"line":32,"column":70}},{"start":{"line":33,"column":20},"end":{"line":33,"column":26}}]},"3":{"line":37,"type":"cond-expr","locations":[{"start":{"line":38,"column":14},"end":{"line":38,"column":20}},{"start":{"line":39,"column":14},"end":{"line":39,"column":20}}]},"4":{"line":40,"type":"switch","locations":[{"start":{"line":42,"column":8},"end":{"line":47,"column":18}},{"start":{"line":49,"column":8},"end":{"line":52,"column":18}}]},"5":{"line":44,"type":"binary-expr","locations":[{"start":{"line":44,"column":16},"end":{"line":44,"column":44}},{"start":{"line":44,"column":48},"end":{"line":44,"column":66}}]},"6":{"line":50,"type":"binary-expr","locations":[{"start":{"line":50,"column":21},"end":{"line":50,"column":49}},{"start":{"line":50,"column":53},"end":{"line":50,"column":72}}]},"7":{"line":64,"type":"switch","locations":[{"start":{"line":69,"column":4},"end":{"line":70,"column":14}},{"start":{"line":75,"column":4},"end":{"line":76,"column":14}}]},"8":{"line":85,"type":"switch","locations":[{"start":{"line":90,"column":4},"end":{"line":105,"column":14}},{"start":{"line":111,"column":4},"end":{"line":193,"column":14},"skip":true}]},"9":{"line":91,"type":"binary-expr","locations":[{"start":{"line":91,"column":42},"end":{"line":91,"column":73}},{"start":{"line":91,"column":77},"end":{"line":99,"column":9}}]},"10":{"line":102,"type":"binary-expr","locations":[{"start":{"line":102,"column":18},"end":{"line":102,"column":32}},{"start":{"line":103,"column":12},"end":{"line":103,"column":53}},{"start":{"line":104,"column":12},"end":{"line":104,"column":61}}]},"11":{"line":112,"type":"binary-expr","locations":[{"start":{"line":112,"column":45},"end":{"line":112,"column":79},"skip":true},{"start":{"line":112,"column":83},"end":{"line":121,"column":9},"skip":true}]},"12":{"line":123,"type":"binary-expr","locations":[{"start":{"line":123,"column":42},"end":{"line":123,"column":73},"skip":true},{"start":{"line":123,"column":77},"end":{"line":136,"column":9},"skip":true}]},"13":{"line":138,"type":"binary-expr","locations":[{"start":{"line":138,"column":48},"end":{"line":138,"column":85},"skip":true},{"start":{"line":139,"column":12},"end":{"line":145,"column":13},"skip":true}]},"14":{"line":147,"type":"binary-expr","locations":[{"start":{"line":147,"column":42},"end":{"line":147,"column":73},"skip":true},{"start":{"line":147,"column":77},"end":{"line":156,"column":9},"skip":true}]},"15":{"line":158,"type":"binary-expr","locations":[{"start":{"line":158,"column":45},"end":{"line":158,"column":79},"skip":true},{"start":{"line":158,"column":83},"end":{"line":167,"column":9},"skip":true}]},"16":{"line":169,"type":"binary-expr","locations":[{"start":{"line":169,"column":43},"end":{"line":169,"column":75},"skip":true},{"start":{"line":169,"column":79},"end":{"line":178,"column":9},"skip":true}]},"17":{"line":180,"type":"binary-expr","locations":[{"start":{"line":180,"column":41},"end":{"line":180,"column":71},"skip":true},{"start":{"line":180,"column":75},"end":{"line":189,"column":9},"skip":true}]}},"code":["/* istanbul instrument in package npmtest_ttf2eot */","/*jslint","    bitwise: true,","    browser: true,","    maxerr: 8,","    maxlen: 96,","    node: true,","    nomen: true,","    regexp: true,","    stupid: true","*/","(function () {","    'use strict';","    var local;","","","","    // run shared js-env code - init-before","    (function () {","        // init local","        local = {};","        // init modeJs","        local.modeJs = (function () {","            try {","                return typeof navigator.userAgent === 'string' &&","                    typeof document.querySelector('body') === 'object' &&","                    typeof XMLHttpRequest.prototype.open === 'function' &&","                    'browser';","            } catch (errorCaughtBrowser) {","                return module.exports &&","                    typeof process.versions.node === 'string' &&","                    typeof require('http').createServer === 'function' &&","                    'node';","            }","        }());","        // init global","        local.global = local.modeJs === 'browser'","            ? window","            : global;","        switch (local.modeJs) {","        // re-init local from window.local","        case 'browser':","            local = local.global.utility2.objectSetDefault(","                local.global.utility2_rollup || local.global.local,","                local.global.utility2","            );","            break;","        // re-init local from example.js","        case 'node':","            local = (local.global.utility2_rollup || require('utility2'))","                .requireReadme();","            break;","        }","        // export local","        local.global.local = local;","    }());","","","","    // run shared js-env code - function","    (function () {","        return;","    }());","    switch (local.modeJs) {","","","","    // run browser js-env code - function","    case 'browser':","        break;","","","","    // run node js-env code - function","    case 'node':","        break;","    }","","","","    // run shared js-env code - init-after","    (function () {","        return;","    }());","    switch (local.modeJs) {","","","","    // run browser js-env code - init-after","    case 'browser':","        local.testCase_browser_nullCase = local.testCase_browser_nullCase || function (","            options,","            onError","        ) {","        /*","         * this function will test browsers's null-case handling-behavior-behavior","         */","            onError(null, options);","        };","","        // run tests","        local.nop(local.modeTest &&","            document.querySelector('#testRunButton1') &&","            document.querySelector('#testRunButton1').click());","        break;","","","","    // run node js-env code - init-after","    /* istanbul ignore next */","    case 'node':","        local.testCase_buildApidoc_default = local.testCase_buildApidoc_default || function (","            options,","            onError","        ) {","        /*","         * this function will test buildApidoc's default handling-behavior-behavior","         */","            options = { modulePathList: module.paths };","            local.buildApidoc(options, onError);","        };","","        local.testCase_buildApp_default = local.testCase_buildApp_default || function (","            options,","            onError","        ) {","        /*","         * this function will test buildApp's default handling-behavior-behavior","         */","            local.testCase_buildReadme_default(options, local.onErrorThrow);","            local.testCase_buildLib_default(options, local.onErrorThrow);","            local.testCase_buildTest_default(options, local.onErrorThrow);","            local.testCase_buildCustomOrg_default(options, local.onErrorThrow);","            options = [];","            local.buildApp(options, onError);","        };","","        local.testCase_buildCustomOrg_default = local.testCase_buildCustomOrg_default ||","            function (options, onError) {","            /*","             * this function will test buildCustomOrg's default handling-behavior","             */","                options = {};","                local.buildCustomOrg(options, onError);","            };","","        local.testCase_buildLib_default = local.testCase_buildLib_default || function (","            options,","            onError","        ) {","        /*","         * this function will test buildLib's default handling-behavior","         */","            options = {};","            local.buildLib(options, onError);","        };","","        local.testCase_buildReadme_default = local.testCase_buildReadme_default || function (","            options,","            onError","        ) {","        /*","         * this function will test buildReadme's default handling-behavior-behavior","         */","            options = {};","            local.buildReadme(options, onError);","        };","","        local.testCase_buildTest_default = local.testCase_buildTest_default || function (","            options,","            onError","        ) {","        /*","         * this function will test buildTest's default handling-behavior","         */","            options = {};","            local.buildTest(options, onError);","        };","","        local.testCase_webpage_default = local.testCase_webpage_default || function (","            options,","            onError","        ) {","        /*","         * this function will test webpage's default handling-behavior","         */","            options = { modeCoverageMerge: true, url: local.serverLocalHost + '?modeTest=1' };","            local.browserTest(options, onError);","        };","","        // run test-server","        local.testRunServer(local);","        break;","    }","}());",""],"l":{"12":1,"14":1,"19":1,"21":1,"23":1,"24":1,"25":1,"30":1,"37":1,"40":1,"43":0,"47":0,"50":1,"52":1,"55":1,"61":1,"62":1,"64":1,"70":0,"76":1,"82":1,"83":1,"85":1,"91":0,"98":0,"102":0,"105":0,"112":1,"119":1,"120":1,"123":1,"130":1,"131":1,"132":1,"133":1,"134":1,"135":1,"138":1,"143":2,"144":2,"147":1,"154":2,"155":2,"158":1,"165":2,"166":2,"169":1,"176":2,"177":2,"180":1,"187":1,"188":1,"192":1,"193":1}},"/home/travis/build/npmtest/node-npmtest-ttf2eot/lib.npmtest_ttf2eot.js":{"path":"/home/travis/build/npmtest/node-npmtest-ttf2eot/lib.npmtest_ttf2eot.js","s":{"1":1,"2":1,"3":1,"4":1,"5":1,"6":1,"7":1,"8":1,"9":1,"10":1,"11":1,"12":1,"13":0,"14":1,"15":1,"16":1},"b":{"1":[1,0,0,0],"2":[1,1,1,1],"3":[0,1],"4":[1,1],"5":[0,1]},"f":{"1":1,"2":1,"3":1},"fnMap":{"1":{"name":"(anonymous_1)","line":12,"loc":{"start":{"line":12,"column":1},"end":{"line":12,"column":13}}},"2":{"name":"(anonymous_2)","line":19,"loc":{"start":{"line":19,"column":5},"end":{"line":19,"column":17}}},"3":{"name":"(anonymous_3)","line":23,"loc":{"start":{"line":23,"column":24},"end":{"line":23,"column":36}}}},"statementMap":{"1":{"start":{"line":12,"column":0},"end":{"line":53,"column":5}},"2":{"start":{"line":14,"column":4},"end":{"line":14,"column":14}},"3":{"start":{"line":19,"column":4},"end":{"line":52,"column":9}},"4":{"start":{"line":21,"column":8},"end":{"line":21,"column":19}},"5":{"start":{"line":23,"column":8},"end":{"line":35,"column":13}},"6":{"start":{"line":24,"column":12},"end":{"line":34,"column":13}},"7":{"start":{"line":25,"column":16},"end":{"line":28,"column":30}},"8":{"start":{"line":30,"column":16},"end":{"line":33,"column":27}},"9":{"start":{"line":37,"column":8},"end":{"line":39,"column":21}},"10":{"start":{"line":41,"column":8},"end":{"line":41,"column":54}},"11":{"start":{"line":43,"column":8},"end":{"line":43,"column":52}},"12":{"start":{"line":45,"column":8},"end":{"line":51,"column":9}},"13":{"start":{"line":46,"column":12},"end":{"line":46,"column":58}},"14":{"start":{"line":48,"column":12},"end":{"line":48,"column":35}},"15":{"start":{"line":49,"column":12},"end":{"line":49,"column":49}},"16":{"start":{"line":50,"column":12},"end":{"line":50,"column":43}}},"branchMap":{"1":{"line":25,"type":"binary-expr","locations":[{"start":{"line":25,"column":23},"end":{"line":25,"column":62}},{"start":{"line":26,"column":20},"end":{"line":26,"column":70}},{"start":{"line":27,"column":20},"end":{"line":27,"column":71}},{"start":{"line":28,"column":20},"end":{"line":28,"column":29}}]},"2":{"line":30,"type":"binary-expr","locations":[{"start":{"line":30,"column":23},"end":{"line":30,"column":37}},{"start":{"line":31,"column":20},"end":{"line":31,"column":61}},{"start":{"line":32,"column":20},"end":{"line":32,"column":70}},{"start":{"line":33,"column":20},"end":{"line":33,"column":26}}]},"3":{"line":37,"type":"cond-expr","locations":[{"start":{"line":38,"column":14},"end":{"line":38,"column":20}},{"start":{"line":39,"column":14},"end":{"line":39,"column":20}}]},"4":{"line":41,"type":"binary-expr","locations":[{"start":{"line":41,"column":16},"end":{"line":41,"column":44}},{"start":{"line":41,"column":48},"end":{"line":41,"column":53}}]},"5":{"line":45,"type":"if","locations":[{"start":{"line":45,"column":8},"end":{"line":45,"column":8}},{"start":{"line":45,"column":8},"end":{"line":45,"column":8}}]}},"code":["/* istanbul instrument in package npmtest_ttf2eot */","/*jslint","    bitwise: true,","    browser: true,","    maxerr: 8,","    maxlen: 96,","    node: true,","    nomen: true,","    regexp: true,","    stupid: true","*/","(function () {","    'use strict';","    var local;","","","","    // run shared js-env code - init-before","    (function () {","        // init local","        local = {};","        // init modeJs","        local.modeJs = (function () {","            try {","                return typeof navigator.userAgent === 'string' &&","                    typeof document.querySelector('body') === 'object' &&","                    typeof XMLHttpRequest.prototype.open === 'function' &&","                    'browser';","            } catch (errorCaughtBrowser) {","                return module.exports &&","                    typeof process.versions.node === 'string' &&","                    typeof require('http').createServer === 'function' &&","                    'node';","            }","        }());","        // init global","        local.global = local.modeJs === 'browser'","            ? window","            : global;","        // init utility2_rollup","        local = local.global.utility2_rollup || local;","        // init lib","        local.local = local.npmtest_ttf2eot = local;","        // init exports","        if (local.modeJs === 'browser') {","            local.global.utility2_npmtest_ttf2eot = local;","        } else {","            module.exports = local;","            module.exports.__dirname = __dirname;","            module.exports.module = module;","        }","    }());","}());",""],"l":{"12":1,"14":1,"19":1,"21":1,"23":1,"24":1,"25":1,"30":1,"37":1,"41":1,"43":1,"45":1,"46":0,"48":1,"49":1,"50":1}},"/home/travis/build/npmtest/node-npmtest-ttf2eot/example.js":{"path":"/home/travis/build/npmtest/node-npmtest-ttf2eot/example.js","s":{"1":1,"2":1,"3":1,"4":1,"5":1,"6":1,"7":1,"8":1,"9":1,"10":1,"11":1,"12":1,"13":0,"14":0,"15":0,"16":0,"17":0,"18":0,"19":0,"20":0,"21":0,"22":0,"23":0,"24":0,"25":0,"26":0,"27":0,"28":0,"29":0,"30":0,"31":0,"32":0,"33":0,"34":0,"35":0,"36":0,"37":0,"38":0,"39":0,"40":0,"41":0,"42":0,"43":0,"44":0,"45":0,"46":0,"47":0,"48":0,"49":0,"50":1,"51":1,"52":1,"53":1,"54":1,"55":1,"56":1,"57":0,"58":1,"59":6,"60":6,"61":1,"62":2,"63":0,"64":2,"65":1,"66":1,"67":0,"68":0,"69":0,"70":0,"71":0,"72":0,"73":0,"74":0,"75":0,"76":0,"77":0,"78":0,"79":0,"80":0,"81":0,"82":0,"83":0},"b":{"1":[1,0,0,0],"2":[1,1,1,1],"3":[0,1],"4":[1,1],"5":[0,1],"6":[0,1],"7":[0,0],"8":[0,0,0,0,0,0],"9":[0,0,0],"10":[0,0],"11":[0,0,0],"12":[0,0],"13":[0,0],"14":[0,0,0,0,0,0,0],"15":[0,0],"16":[0,0],"17":[1,1],"18":[0,1],"19":[1,2,0,2],"20":[1,0],"21":[1,1],"22":[0,0],"23":[0,0],"24":[0,0],"25":[0,0],"26":[0,0],"27":[0,0],"28":[0,0]},"f":{"1":1,"2":1,"3":1,"4":0,"5":0,"6":0,"7":0,"8":0,"9":0,"10":0,"11":6,"12":0},"fnMap":{"1":{"name":"(anonymous_1)","line":26,"loc":{"start":{"line":26,"column":1},"end":{"line":26,"column":13}}},"2":{"name":"(anonymous_2)","line":33,"loc":{"start":{"line":33,"column":5},"end":{"line":33,"column":17}}},"3":{"name":"(anonymous_3)","line":37,"loc":{"start":{"line":37,"column":24},"end":{"line":37,"column":36}}},"4":{"name":"(anonymous_4)","line":69,"loc":{"start":{"line":69,"column":31},"end":{"line":69,"column":48}},"skip":true},"5":{"name":"(anonymous_5)","line":78,"loc":{"start":{"line":78,"column":26},"end":{"line":78,"column":45}},"skip":true},"6":{"name":"(anonymous_6)","line":123,"loc":{"start":{"line":123,"column":33},"end":{"line":123,"column":48}},"skip":true},"7":{"name":"(anonymous_7)","line":125,"loc":{"start":{"line":125,"column":27},"end":{"line":125,"column":39}},"skip":true},"8":{"name":"(anonymous_8)","line":133,"loc":{"start":{"line":133,"column":59},"end":{"line":133,"column":74}},"skip":true},"9":{"name":"(anonymous_9)","line":143,"loc":{"start":{"line":143,"column":45},"end":{"line":143,"column":62}},"skip":true},"10":{"name":"(anonymous_10)","line":144,"loc":{"start":{"line":144,"column":73},"end":{"line":144,"column":92}},"skip":true},"11":{"name":"(anonymous_11)","line":272,"loc":{"start":{"line":272,"column":51},"end":{"line":272,"column":77}},"skip":true},"12":{"name":"(anonymous_12)","line":315,"loc":{"start":{"line":315,"column":32},"end":{"line":315,"column":61}},"skip":true}},"statementMap":{"1":{"start":{"line":26,"column":0},"end":{"line":326,"column":5}},"2":{"start":{"line":28,"column":4},"end":{"line":28,"column":14}},"3":{"start":{"line":33,"column":4},"end":{"line":60,"column":9}},"4":{"start":{"line":35,"column":8},"end":{"line":35,"column":19}},"5":{"start":{"line":37,"column":8},"end":{"line":49,"column":13}},"6":{"start":{"line":38,"column":12},"end":{"line":48,"column":13}},"7":{"start":{"line":39,"column":16},"end":{"line":42,"column":30}},"8":{"start":{"line":44,"column":16},"end":{"line":47,"column":27}},"9":{"start":{"line":51,"column":8},"end":{"line":53,"column":21}},"10":{"start":{"line":55,"column":8},"end":{"line":57,"column":45}},"11":{"start":{"line":59,"column":8},"end":{"line":59,"column":35}},"12":{"start":{"line":61,"column":4},"end":{"line":325,"column":5}},"13":{"start":{"line":69,"column":8},"end":{"line":121,"column":10},"skip":true},"14":{"start":{"line":70,"column":12},"end":{"line":88,"column":13},"skip":true},"15":{"start":{"line":76,"column":16},"end":{"line":87,"column":19},"skip":true},"16":{"start":{"line":79,"column":20},"end":{"line":86,"column":21},"skip":true},"17":{"start":{"line":82,"column":24},"end":{"line":82,"column":43},"skip":true},"18":{"start":{"line":83,"column":24},"end":{"line":83,"column":30},"skip":true},"19":{"start":{"line":85,"column":24},"end":{"line":85,"column":49},"skip":true},"20":{"start":{"line":89,"column":12},"end":{"line":107,"column":13},"skip":true},"21":{"start":{"line":92,"column":16},"end":{"line":102,"column":17},"skip":true},"22":{"start":{"line":93,"column":20},"end":{"line":93,"column":86},"skip":true},"23":{"start":{"line":94,"column":20},"end":{"line":95,"column":45},"skip":true},"24":{"start":{"line":96,"column":20},"end":{"line":96,"column":42},"skip":true},"25":{"start":{"line":97,"column":20},"end":{"line":97,"column":48},"skip":true},"26":{"start":{"line":100,"column":20},"end":{"line":100,"column":85},"skip":true},"27":{"start":{"line":101,"column":20},"end":{"line":101,"column":96},"skip":true},"28":{"start":{"line":103,"column":16},"end":{"line":103,"column":22},"skip":true},"29":{"start":{"line":106,"column":16},"end":{"line":106,"column":22},"skip":true},"30":{"start":{"line":108,"column":12},"end":{"line":120,"column":13},"skip":true},"31":{"start":{"line":114,"column":16},"end":{"line":119,"column":17},"skip":true},"32":{"start":{"line":116,"column":20},"end":{"line":116,"column":78},"skip":true},"33":{"start":{"line":118,"column":20},"end":{"line":118,"column":47},"skip":true},"34":{"start":{"line":123,"column":8},"end":{"line":141,"column":11},"skip":true},"35":{"start":{"line":124,"column":12},"end":{"line":124,"column":54},"skip":true},"36":{"start":{"line":125,"column":12},"end":{"line":140,"column":14},"skip":true},"37":{"start":{"line":126,"column":16},"end":{"line":126,"column":28},"skip":true},"38":{"start":{"line":127,"column":16},"end":{"line":127,"column":69},"skip":true},"39":{"start":{"line":128,"column":16},"end":{"line":128,"column":75},"skip":true},"40":{"start":{"line":129,"column":16},"end":{"line":131,"column":17},"skip":true},"41":{"start":{"line":130,"column":20},"end":{"line":130,"column":27},"skip":true},"42":{"start":{"line":133,"column":16},"end":{"line":137,"column":36},"skip":true},"43":{"start":{"line":134,"column":20},"end":{"line":136,"column":55},"skip":true},"44":{"start":{"line":139,"column":16},"end":{"line":139,"column":57},"skip":true},"45":{"start":{"line":143,"column":8},"end":{"line":147,"column":11},"skip":true},"46":{"start":{"line":144,"column":12},"end":{"line":146,"column":15},"skip":true},"47":{"start":{"line":145,"column":16},"end":{"line":145,"column":70},"skip":true},"48":{"start":{"line":149,"column":8},"end":{"line":149,"column":31},"skip":true},"49":{"start":{"line":150,"column":8},"end":{"line":150,"column":14},"skip":true},"50":{"start":{"line":158,"column":8},"end":{"line":158,"column":31},"skip":true},"51":{"start":{"line":160,"column":8},"end":{"line":160,"column":33},"skip":true},"52":{"start":{"line":161,"column":8},"end":{"line":161,"column":37},"skip":true},"53":{"start":{"line":162,"column":8},"end":{"line":162,"column":35},"skip":true},"54":{"start":{"line":164,"column":8},"end":{"line":164,"column":50},"skip":true},"55":{"start":{"line":166,"column":8},"end":{"line":256,"column":2},"skip":true},"56":{"start":{"line":258,"column":8},"end":{"line":286,"column":9},"skip":true},"57":{"start":{"line":259,"column":12},"end":{"line":269,"column":14},"skip":true},"58":{"start":{"line":271,"column":12},"end":{"line":285,"column":19},"skip":true},"59":{"start":{"line":274,"column":20},"end":{"line":274,"column":35},"skip":true},"60":{"start":{"line":275,"column":20},"end":{"line":284,"column":21},"skip":true},"61":{"start":{"line":277,"column":24},"end":{"line":277,"column":64},"skip":true},"62":{"start":{"line":279,"column":24},"end":{"line":279,"column":40},"skip":true},"63":{"start":{"line":281,"column":24},"end":{"line":281,"column":40},"skip":true},"64":{"start":{"line":283,"column":24},"end":{"line":283,"column":39},"skip":true},"65":{"start":{"line":288,"column":8},"end":{"line":290,"column":9},"skip":true},"66":{"start":{"line":289,"column":12},"end":{"line":289,"column":18},"skip":true},"67":{"start":{"line":291,"column":8},"end":{"line":293,"column":54},"skip":true},"68":{"start":{"line":296,"column":8},"end":{"line":301,"column":37},"skip":true},"69":{"start":{"line":303,"column":8},"end":{"line":303,"column":82},"skip":true},"70":{"start":{"line":306,"column":8},"end":{"line":308,"column":9},"skip":true},"71":{"start":{"line":307,"column":12},"end":{"line":307,"column":82},"skip":true},"72":{"start":{"line":310,"column":8},"end":{"line":312,"column":9},"skip":true},"73":{"start":{"line":311,"column":12},"end":{"line":311,"column":18},"skip":true},"74":{"start":{"line":313,"column":8},"end":{"line":313,"column":54},"skip":true},"75":{"start":{"line":314,"column":8},"end":{"line":314,"column":69},"skip":true},"76":{"start":{"line":315,"column":8},"end":{"line":323,"column":36},"skip":true},"77":{"start":{"line":316,"column":12},"end":{"line":316,"column":61},"skip":true},"78":{"start":{"line":317,"column":12},"end":{"line":320,"column":13},"skip":true},"79":{"start":{"line":318,"column":16},"end":{"line":318,"column":75},"skip":true},"80":{"start":{"line":319,"column":16},"end":{"line":319,"column":23},"skip":true},"81":{"start":{"line":321,"column":12},"end":{"line":321,"column":38},"skip":true},"82":{"start":{"line":322,"column":12},"end":{"line":322,"column":27},"skip":true},"83":{"start":{"line":324,"column":8},"end":{"line":324,"column":14},"skip":true}},"branchMap":{"1":{"line":39,"type":"binary-expr","locations":[{"start":{"line":39,"column":23},"end":{"line":39,"column":62}},{"start":{"line":40,"column":20},"end":{"line":40,"column":70}},{"start":{"line":41,"column":20},"end":{"line":41,"column":71}},{"start":{"line":42,"column":20},"end":{"line":42,"column":29}}]},"2":{"line":44,"type":"binary-expr","locations":[{"start":{"line":44,"column":23},"end":{"line":44,"column":37}},{"start":{"line":45,"column":20},"end":{"line":45,"column":61}},{"start":{"line":46,"column":20},"end":{"line":46,"column":70}},{"start":{"line":47,"column":20},"end":{"line":47,"column":26}}]},"3":{"line":51,"type":"cond-expr","locations":[{"start":{"line":52,"column":14},"end":{"line":52,"column":20}},{"start":{"line":53,"column":14},"end":{"line":53,"column":20}}]},"4":{"line":55,"type":"binary-expr","locations":[{"start":{"line":55,"column":16},"end":{"line":55,"column":44}},{"start":{"line":55,"column":49},"end":{"line":57,"column":43}}]},"5":{"line":55,"type":"cond-expr","locations":[{"start":{"line":56,"column":14},"end":{"line":56,"column":51}},{"start":{"line":57,"column":14},"end":{"line":57,"column":43}}]},"6":{"line":61,"type":"switch","locations":[{"start":{"line":68,"column":4},"end":{"line":150,"column":14},"skip":true},{"start":{"line":156,"column":4},"end":{"line":324,"column":14},"skip":true}]},"7":{"line":70,"type":"if","locations":[{"start":{"line":70,"column":12},"end":{"line":70,"column":12},"skip":true},{"start":{"line":70,"column":12},"end":{"line":70,"column":12},"skip":true}]},"8":{"line":70,"type":"binary-expr","locations":[{"start":{"line":70,"column":16},"end":{"line":70,"column":22},"skip":true},{"start":{"line":70,"column":27},"end":{"line":70,"column":32},"skip":true},{"start":{"line":71,"column":20},"end":{"line":71,"column":39},"skip":true},{"start":{"line":72,"column":20},"end":{"line":72,"column":49},"skip":true},{"start":{"line":73,"column":20},"end":{"line":73,"column":58},"skip":true},{"start":{"line":74,"column":20},"end":{"line":74,"column":69},"skip":true}]},"9":{"line":79,"type":"switch","locations":[{"start":{"line":80,"column":20},"end":{"line":80,"column":33},"skip":true},{"start":{"line":81,"column":20},"end":{"line":83,"column":30},"skip":true},{"start":{"line":84,"column":20},"end":{"line":85,"column":49},"skip":true}]},"10":{"line":89,"type":"switch","locations":[{"start":{"line":90,"column":12},"end":{"line":103,"column":22},"skip":true},{"start":{"line":105,"column":12},"end":{"line":106,"column":22},"skip":true}]},"11":{"line":89,"type":"binary-expr","locations":[{"start":{"line":89,"column":20},"end":{"line":89,"column":25},"skip":true},{"start":{"line":89,"column":29},"end":{"line":89,"column":48},"skip":true},{"start":{"line":89,"column":52},"end":{"line":89,"column":74},"skip":true}]},"12":{"line":92,"type":"if","locations":[{"start":{"line":92,"column":16},"end":{"line":92,"column":16},"skip":true},{"start":{"line":92,"column":16},"end":{"line":92,"column":16},"skip":true}]},"13":{"line":108,"type":"if","locations":[{"start":{"line":108,"column":12},"end":{"line":108,"column":12},"skip":true},{"start":{"line":108,"column":12},"end":{"line":108,"column":12},"skip":true}]},"14":{"line":108,"type":"binary-expr","locations":[{"start":{"line":108,"column":16},"end":{"line":108,"column":61},"skip":true},{"start":{"line":108,"column":66},"end":{"line":108,"column":72},"skip":true},{"start":{"line":108,"column":77},"end":{"line":108,"column":82},"skip":true},{"start":{"line":109,"column":20},"end":{"line":109,"column":39},"skip":true},{"start":{"line":110,"column":20},"end":{"line":110,"column":49},"skip":true},{"start":{"line":111,"column":20},"end":{"line":111,"column":58},"skip":true},{"start":{"line":112,"column":20},"end":{"line":112,"column":68},"skip":true}]},"15":{"line":129,"type":"if","locations":[{"start":{"line":129,"column":16},"end":{"line":129,"column":16},"skip":true},{"start":{"line":129,"column":16},"end":{"line":129,"column":16},"skip":true}]},"16":{"line":134,"type":"cond-expr","locations":[{"start":{"line":135,"column":26},"end":{"line":135,"column":29},"skip":true},{"start":{"line":136,"column":26},"end":{"line":136,"column":54},"skip":true}]},"17":{"line":164,"type":"binary-expr","locations":[{"start":{"line":164,"column":27},"end":{"line":164,"column":43},"skip":true},{"start":{"line":164,"column":47},"end":{"line":164,"column":49},"skip":true}]},"18":{"line":258,"type":"if","locations":[{"start":{"line":258,"column":8},"end":{"line":258,"column":8},"skip":true},{"start":{"line":258,"column":8},"end":{"line":258,"column":8},"skip":true}]},"19":{"line":275,"type":"switch","locations":[{"start":{"line":276,"column":20},"end":{"line":277,"column":64},"skip":true},{"start":{"line":278,"column":20},"end":{"line":279,"column":40},"skip":true},{"start":{"line":280,"column":20},"end":{"line":281,"column":40},"skip":true},{"start":{"line":282,"column":20},"end":{"line":283,"column":39},"skip":true}]},"20":{"line":288,"type":"if","locations":[{"start":{"line":288,"column":8},"end":{"line":288,"column":8},"skip":true},{"start":{"line":288,"column":8},"end":{"line":288,"column":8},"skip":true}]},"21":{"line":288,"type":"binary-expr","locations":[{"start":{"line":288,"column":12},"end":{"line":288,"column":40},"skip":true},{"start":{"line":288,"column":44},"end":{"line":288,"column":67},"skip":true}]},"22":{"line":292,"type":"binary-expr","locations":[{"start":{"line":292,"column":12},"end":{"line":292,"column":50},"skip":true},{"start":{"line":293,"column":12},"end":{"line":293,"column":53},"skip":true}]},"23":{"line":297,"type":"binary-expr","locations":[{"start":{"line":297,"column":12},"end":{"line":297,"column":65},"skip":true},{"start":{"line":298,"column":12},"end":{"line":301,"column":36},"skip":true}]},"24":{"line":303,"type":"binary-expr","locations":[{"start":{"line":303,"column":43},"end":{"line":303,"column":75},"skip":true},{"start":{"line":303,"column":79},"end":{"line":303,"column":81},"skip":true}]},"25":{"line":306,"type":"if","locations":[{"start":{"line":306,"column":8},"end":{"line":306,"column":8},"skip":true},{"start":{"line":306,"column":8},"end":{"line":306,"column":8},"skip":true}]},"26":{"line":310,"type":"if","locations":[{"start":{"line":310,"column":8},"end":{"line":310,"column":8},"skip":true},{"start":{"line":310,"column":8},"end":{"line":310,"column":8},"skip":true}]},"27":{"line":313,"type":"binary-expr","locations":[{"start":{"line":313,"column":27},"end":{"line":313,"column":43},"skip":true},{"start":{"line":313,"column":47},"end":{"line":313,"column":53},"skip":true}]},"28":{"line":317,"type":"if","locations":[{"start":{"line":317,"column":12},"end":{"line":317,"column":12},"skip":true},{"start":{"line":317,"column":12},"end":{"line":317,"column":12},"skip":true}]}},"code":["/*","example.js","","quickstart example","","instruction","    1. save this script as example.js","    2. run the shell command:","        $ npm install npmtest-ttf2eot && PORT=8081 node example.js","    3. play with the browser-demo on http://127.0.0.1:8081","*/","","","","/* istanbul instrument in package npmtest_ttf2eot */","/*jslint","    bitwise: true,","    browser: true,","    maxerr: 8,","    maxlen: 96,","    node: true,","    nomen: true,","    regexp: true,","    stupid: true","*/","(function () {","    'use strict';","    var local;","","","","    // run shared js-env code - init-before","    (function () {","        // init local","        local = {};","        // init modeJs","        local.modeJs = (function () {","            try {","                return typeof navigator.userAgent === 'string' &&","                    typeof document.querySelector('body') === 'object' &&","                    typeof XMLHttpRequest.prototype.open === 'function' &&","                    'browser';","            } catch (errorCaughtBrowser) {","                return module.exports &&","                    typeof process.versions.node === 'string' &&","                    typeof require('http').createServer === 'function' &&","                    'node';","            }","        }());","        // init global","        local.global = local.modeJs === 'browser'","            ? window","            : global;","        // init utility2_rollup","        local = local.global.utility2_rollup || (local.modeJs === 'browser'","            ? local.global.utility2_npmtest_ttf2eot","            : global.utility2_moduleExports);","        // export local","        local.global.local = local;","    }());","    switch (local.modeJs) {","","","","    // init-after","    // run browser js-env code - init-after","    /* istanbul ignore next */","    case 'browser':","        local.testRunBrowser = function (event) {","            if (!event || (event &&","                    event.currentTarget &&","                    event.currentTarget.className &&","                    event.currentTarget.className.includes &&","                    event.currentTarget.className.includes('onreset'))) {","                // reset output","                Array.from(","                    document.querySelectorAll('body > .resettable')","                ).forEach(function (element) {","                    switch (element.tagName) {","                    case 'INPUT':","                    case 'TEXTAREA':","                        element.value = '';","                        break;","                    default:","                        element.textContent = '';","                    }","                });","            }","            switch (event && event.currentTarget && event.currentTarget.id) {","            case 'testRunButton1':","                // show tests","                if (document.querySelector('#testReportDiv1').style.display === 'none') {","                    document.querySelector('#testReportDiv1').style.display = 'block';","                    document.querySelector('#testRunButton1').textContent =","                        'hide internal test';","                    local.modeTest = true;","                    local.testRunDefault(local);","                // hide tests","                } else {","                    document.querySelector('#testReportDiv1').style.display = 'none';","                    document.querySelector('#testRunButton1').textContent = 'run internal test';","                }","                break;","            // custom-case","            default:","                break;","            }","            if (document.querySelector('#inputTextareaEval1') && (!event || (event &&","                    event.currentTarget &&","                    event.currentTarget.className &&","                    event.currentTarget.className.includes &&","                    event.currentTarget.className.includes('oneval')))) {","                // try to eval input-code","                try {","                    /*jslint evil: true*/","                    eval(document.querySelector('#inputTextareaEval1').value);","                } catch (errorCaught) {","                    console.error(errorCaught);","                }","            }","        };","        // log stderr and stdout to #outputTextareaStdout1","        ['error', 'log'].forEach(function (key) {","            console[key + '_original'] = console[key];","            console[key] = function () {","                var element;","                console[key + '_original'].apply(console, arguments);","                element = document.querySelector('#outputTextareaStdout1');","                if (!element) {","                    return;","                }","                // append text to #outputTextareaStdout1","                element.value += Array.from(arguments).map(function (arg) {","                    return typeof arg === 'string'","                        ? arg","                        : JSON.stringify(arg, null, 4);","                }).join(' ') + '\\n';","                // scroll textarea to bottom","                element.scrollTop = element.scrollHeight;","            };","        });","        // init event-handling","        ['change', 'click', 'keyup'].forEach(function (event) {","            Array.from(document.querySelectorAll('.on' + event)).forEach(function (element) {","                element.addEventListener(event, local.testRunBrowser);","            });","        });","        // run tests","        local.testRunBrowser();","        break;","","","","    // run node js-env code - init-after","    /* istanbul ignore next */","    case 'node':","        // export local","        module.exports = local;","        // require modules","        local.fs = require('fs');","        local.http = require('http');","        local.url = require('url');","        // init assets","        local.assetsDict = local.assetsDict || {};","        /* jslint-ignore-begin */","        local.assetsDict['/assets.index.template.html'] = '\\","<!doctype html>\\n\\","<html lang=\"en\">\\n\\","<head>\\n\\","<meta charset=\"UTF-8\">\\n\\","<meta name=\"viewport\" content=\"width=device-width, initial-scale=1\">\\n\\","<title>{{env.npm_package_name}} (v{{env.npm_package_version}})</title>\\n\\","<style>\\n\\","/*csslint\\n\\","    box-sizing: false,\\n\\","    universal-selector: false\\n\\","*/\\n\\","* {\\n\\","    box-sizing: border-box;\\n\\","}\\n\\","body {\\n\\","    background: #dde;\\n\\","    font-family: Arial, Helvetica, sans-serif;\\n\\","    margin: 2rem;\\n\\","}\\n\\","body > * {\\n\\","    margin-bottom: 1rem;\\n\\","}\\n\\",".utility2FooterDiv {\\n\\","    margin-top: 20px;\\n\\","    text-align: center;\\n\\","}\\n\\","</style>\\n\\","<style>\\n\\","/*csslint\\n\\","*/\\n\\","textarea {\\n\\","    font-family: monospace;\\n\\","    height: 10rem;\\n\\","    width: 100%;\\n\\","}\\n\\","textarea[readonly] {\\n\\","    background: #ddd;\\n\\","}\\n\\","</style>\\n\\","</head>\\n\\","<body>\\n\\","<!-- utility2-comment\\n\\","<div id=\"ajaxProgressDiv1\" style=\"background: #d00; height: 2px; left: 0; margin: 0; padding: 0; position: fixed; top: 0; transition: background 0.5s, width 1.5s; width: 25%;\"></div>\\n\\","utility2-comment -->\\n\\","<h1>\\n\\","<!-- utility2-comment\\n\\","    <a\\n\\","        {{#if env.npm_package_homepage}}\\n\\","        href=\"{{env.npm_package_homepage}}\"\\n\\","        {{/if env.npm_package_homepage}}\\n\\","        target=\"_blank\"\\n\\","    >\\n\\","utility2-comment -->\\n\\","        {{env.npm_package_name}} (v{{env.npm_package_version}})\\n\\","<!-- utility2-comment\\n\\","    </a>\\n\\","utility2-comment -->\\n\\","</h1>\\n\\","<h3>{{env.npm_package_description}}</h3>\\n\\","<!-- utility2-comment\\n\\","<h4><a download href=\"assets.app.js\">download standalone app</a></h4>\\n\\","<button class=\"onclick onreset\" id=\"testRunButton1\">run internal test</button><br>\\n\\","<div id=\"testReportDiv1\" style=\"display: none;\"></div>\\n\\","utility2-comment -->\\n\\","\\n\\","\\n\\","\\n\\","<label>stderr and stdout</label>\\n\\","<textarea class=\"resettable\" id=\"outputTextareaStdout1\" readonly></textarea>\\n\\","<!-- utility2-comment\\n\\","{{#if isRollup}}\\n\\","<script src=\"assets.app.js\"></script>\\n\\","{{#unless isRollup}}\\n\\","utility2-comment -->\\n\\","<script src=\"assets.utility2.rollup.js\"></script>\\n\\","<script src=\"jsonp.utility2._stateInit?callback=window.utility2._stateInit\"></script>\\n\\","<script src=\"assets.npmtest_ttf2eot.rollup.js\"></script>\\n\\","<script src=\"assets.example.js\"></script>\\n\\","<script src=\"assets.test.js\"></script>\\n\\","<!-- utility2-comment\\n\\","{{/if isRollup}}\\n\\","utility2-comment -->\\n\\","<div class=\"utility2FooterDiv\">\\n\\","    [ this app was created with\\n\\","    <a href=\"https://github.com/kaizhu256/node-utility2\" target=\"_blank\">utility2</a>\\n\\","    ]\\n\\","</div>\\n\\","</body>\\n\\","</html>\\n\\","';","        /* jslint-ignore-end */","        if (local.templateRender) {","            local.assetsDict['/'] = local.templateRender(","                local.assetsDict['/assets.index.template.html'],","                {","                    env: local.objectSetDefault(local.env, {","                        npm_package_description: 'the greatest app in the world!',","                        npm_package_name: 'my-app',","                        npm_package_nameAlias: 'my_app',","                        npm_package_version: '0.0.1'","                    })","                }","            );","        } else {","            local.assetsDict['/'] = local.assetsDict['/assets.index.template.html']","                .replace((/\\{\\{env\\.(\\w+?)\\}\\}/g), function (match0, match1) {","                    // jslint-hack","                    String(match0);","                    switch (match1) {","                    case 'npm_package_description':","                        return 'the greatest app in the world!';","                    case 'npm_package_name':","                        return 'my-app';","                    case 'npm_package_nameAlias':","                        return 'my_app';","                    case 'npm_package_version':","                        return '0.0.1';","                    }","                });","        }","        // run the cli","        if (local.global.utility2_rollup || module !== require.main) {","            break;","        }","        local.assetsDict['/assets.example.js'] =","            local.assetsDict['/assets.example.js'] ||","            local.fs.readFileSync(__filename, 'utf8');","        // bug-workaround - long $npm_package_buildCustomOrg","        /* jslint-ignore-begin */","        local.assetsDict['/assets.npmtest_ttf2eot.rollup.js'] =","            local.assetsDict['/assets.npmtest_ttf2eot.rollup.js'] ||","            local.fs.readFileSync(","                local.npmtest_ttf2eot.__dirname + '/lib.npmtest_ttf2eot.js',","                'utf8'","            ).replace((/^#!/), '//');","        /* jslint-ignore-end */","        local.assetsDict['/favicon.ico'] = local.assetsDict['/favicon.ico'] || '';","        // if $npm_config_timeout_exit exists,","        // then exit this process after $npm_config_timeout_exit ms","        if (Number(process.env.npm_config_timeout_exit)) {","            setTimeout(process.exit, Number(process.env.npm_config_timeout_exit));","        }","        // start server","        if (local.global.utility2_serverHttp1) {","            break;","        }","        process.env.PORT = process.env.PORT || '8081';","        console.error('server starting on port ' + process.env.PORT);","        local.http.createServer(function (request, response) {","            request.urlParsed = local.url.parse(request.url);","            if (local.assetsDict[request.urlParsed.pathname] !== undefined) {","                response.end(local.assetsDict[request.urlParsed.pathname]);","                return;","            }","            response.statusCode = 404;","            response.end();","        }).listen(process.env.PORT);","        break;","    }","}());",""],"l":{"26":1,"28":1,"33":1,"35":1,"37":1,"38":1,"39":1,"44":1,"51":1,"55":1,"59":1,"61":1,"69":1,"70":1,"76":1,"79":1,"82":1,"83":1,"85":1,"89":1,"92":1,"93":1,"94":1,"96":1,"97":1,"100":1,"101":1,"103":1,"106":1,"108":1,"114":1,"116":1,"118":1,"123":1,"124":1,"125":1,"126":1,"127":1,"128":1,"129":1,"130":1,"133":1,"134":1,"139":1,"143":1,"144":1,"145":1,"149":1,"150":1,"158":1,"160":1,"161":1,"162":1,"164":1,"166":1,"258":1,"259":1,"271":1,"274":6,"275":6,"277":1,"279":2,"281":1,"283":2,"288":1,"289":1,"291":1,"296":1,"303":1,"306":1,"307":1,"310":1,"311":1,"313":1,"314":1,"315":1,"316":1,"317":1,"318":1,"319":1,"321":1,"322":1,"324":1}},"/home/travis/build/npmtest/node-npmtest-ttf2eot/node_modules/ttf2eot/index.js":{"path":"/home/travis/build/npmtest/node-npmtest-ttf2eot/node_modules/ttf2eot/index.js","s":{"1":1,"2":1,"3":1,"4":1,"5":1,"6":1,"7":0,"8":0,"9":0,"10":0,"11":0,"12":0,"13":1,"14":2,"15":2,"16":2,"17":2,"18":2,"19":2,"20":2,"21":2,"22":2,"23":2,"24":2,"25":0,"26":0,"27":0,"28":0,"29":0,"30":0,"31":0,"32":0,"33":0,"34":0,"35":0,"36":0,"37":0,"38":0,"39":0,"40":0,"41":0,"42":0,"43":0,"44":0,"45":0,"46":0,"47":0,"48":0,"49":0,"50":0,"51":0,"52":0,"53":0,"54":0,"55":0,"56":0,"57":0,"58":0,"59":0,"60":2,"61":2,"62":0,"63":0,"64":0,"65":0,"66":0,"67":0,"68":0,"69":0,"70":0,"71":0,"72":0,"73":1},"b":{"1":[0,0],"2":[0,0],"3":[0,0],"4":[0,0],"5":[0,0,0],"6":[0,0,0,0],"7":[0,0],"8":[0,0,0],"9":[2,0],"10":[2,0,0]},"f":{"1":0,"2":2},"fnMap":{"1":{"name":"strbuf","line":89,"loc":{"start":{"line":89,"column":0},"end":{"line":89,"column":21}}},"2":{"name":"ttf2eot","line":109,"loc":{"start":{"line":109,"column":0},"end":{"line":109,"column":22}}}},"statementMap":{"1":{"start":{"line":9,"column":0},"end":{"line":9,"column":40}},"2":{"start":{"line":14,"column":0},"end":{"line":26,"column":2}},"3":{"start":{"line":31,"column":0},"end":{"line":62,"column":2}},"4":{"start":{"line":67,"column":0},"end":{"line":73,"column":2}},"5":{"start":{"line":78,"column":0},"end":{"line":83,"column":2}},"6":{"start":{"line":89,"column":0},"end":{"line":101,"column":1}},"7":{"start":{"line":90,"column":2},"end":{"line":90,"column":41}},"8":{"start":{"line":92,"column":2},"end":{"line":92,"column":36}},"9":{"start":{"line":94,"column":2},"end":{"line":96,"column":3}},"10":{"start":{"line":95,"column":4},"end":{"line":95,"column":49}},"11":{"start":{"line":98,"column":2},"end":{"line":98,"column":38}},"12":{"start":{"line":100,"column":2},"end":{"line":100,"column":11}},"13":{"start":{"line":109,"column":0},"end":{"line":237,"column":1}},"14":{"start":{"line":110,"column":2},"end":{"line":110,"column":32}},"15":{"start":{"line":111,"column":2},"end":{"line":112,"column":11}},"16":{"start":{"line":114,"column":2},"end":{"line":114,"column":14}},"17":{"start":{"line":115,"column":2},"end":{"line":115,"column":58}},"18":{"start":{"line":116,"column":2},"end":{"line":116,"column":61}},"19":{"start":{"line":117,"column":2},"end":{"line":117,"column":54}},"20":{"start":{"line":118,"column":2},"end":{"line":118,"column":57}},"21":{"start":{"line":120,"column":2},"end":{"line":123,"column":25}},"22":{"start":{"line":125,"column":2},"end":{"line":127,"column":23}},"23":{"start":{"line":129,"column":2},"end":{"line":129,"column":56}},"24":{"start":{"line":131,"column":2},"end":{"line":207,"column":3}},"25":{"start":{"line":132,"column":4},"end":{"line":132,"column":85}},"26":{"start":{"line":133,"column":4},"end":{"line":137,"column":6}},"27":{"start":{"line":139,"column":4},"end":{"line":139,"column":74}},"28":{"start":{"line":141,"column":4},"end":{"line":205,"column":5}},"29":{"start":{"line":142,"column":6},"end":{"line":142,"column":21}},"30":{"start":{"line":144,"column":6},"end":{"line":146,"column":7}},"31":{"start":{"line":145,"column":8},"end":{"line":145,"column":100}},"32":{"start":{"line":149,"column":6},"end":{"line":149,"column":94}},"33":{"start":{"line":150,"column":6},"end":{"line":150,"column":88}},"34":{"start":{"line":152,"column":6},"end":{"line":154,"column":7}},"35":{"start":{"line":153,"column":8},"end":{"line":153,"column":120}},"36":{"start":{"line":156,"column":6},"end":{"line":158,"column":7}},"37":{"start":{"line":157,"column":8},"end":{"line":157,"column":122}},"38":{"start":{"line":160,"column":11},"end":{"line":205,"column":5}},"39":{"start":{"line":162,"column":6},"end":{"line":162,"column":22}},"40":{"start":{"line":163,"column":6},"end":{"line":163,"column":115}},"41":{"start":{"line":165,"column":11},"end":{"line":205,"column":5}},"42":{"start":{"line":167,"column":6},"end":{"line":167,"column":22}},"43":{"start":{"line":169,"column":6},"end":{"line":173,"column":8}},"44":{"start":{"line":175,"column":6},"end":{"line":204,"column":7}},"45":{"start":{"line":176,"column":8},"end":{"line":176,"column":104}},"46":{"start":{"line":177,"column":8},"end":{"line":184,"column":10}},"47":{"start":{"line":186,"column":8},"end":{"line":203,"column":9}},"48":{"start":{"line":187,"column":10},"end":{"line":187,"column":100}},"49":{"start":{"line":189,"column":10},"end":{"line":202,"column":11}},"50":{"start":{"line":191,"column":14},"end":{"line":191,"column":29}},"51":{"start":{"line":192,"column":14},"end":{"line":192,"column":20}},"52":{"start":{"line":194,"column":14},"end":{"line":194,"column":32}},"53":{"start":{"line":195,"column":14},"end":{"line":195,"column":20}},"54":{"start":{"line":197,"column":14},"end":{"line":197,"column":27}},"55":{"start":{"line":198,"column":14},"end":{"line":198,"column":20}},"56":{"start":{"line":200,"column":14},"end":{"line":200,"column":32}},"57":{"start":{"line":201,"column":14},"end":{"line":201,"column":20}},"58":{"start":{"line":206,"column":4},"end":{"line":206,"column":51}},"59":{"start":{"line":206,"column":43},"end":{"line":206,"column":49}},"60":{"start":{"line":209,"column":2},"end":{"line":211,"column":3}},"61":{"start":{"line":210,"column":4},"end":{"line":210,"column":51}},"62":{"start":{"line":214,"column":2},"end":{"line":221,"column":14}},"63":{"start":{"line":224,"column":2},"end":{"line":224,"column":32}},"64":{"start":{"line":226,"column":2},"end":{"line":226,"column":29}},"65":{"start":{"line":227,"column":2},"end":{"line":227,"column":36}},"66":{"start":{"line":228,"column":2},"end":{"line":228,"column":39}},"67":{"start":{"line":229,"column":2},"end":{"line":229,"column":39}},"68":{"start":{"line":230,"column":2},"end":{"line":230,"column":34}},"69":{"start":{"line":231,"column":2},"end":{"line":231,"column":27}},"70":{"start":{"line":232,"column":2},"end":{"line":232,"column":29}},"71":{"start":{"line":234,"column":2},"end":{"line":234,"column":46}},"72":{"start":{"line":236,"column":2},"end":{"line":236,"column":13}},"73":{"start":{"line":239,"column":0},"end":{"line":239,"column":25}}},"branchMap":{"1":{"line":141,"type":"if","locations":[{"start":{"line":141,"column":4},"end":{"line":141,"column":4}},{"start":{"line":141,"column":4},"end":{"line":141,"column":4}}]},"2":{"line":160,"type":"if","locations":[{"start":{"line":160,"column":11},"end":{"line":160,"column":11}},{"start":{"line":160,"column":11},"end":{"line":160,"column":11}}]},"3":{"line":165,"type":"if","locations":[{"start":{"line":165,"column":11},"end":{"line":165,"column":11}},{"start":{"line":165,"column":11},"end":{"line":165,"column":11}}]},"4":{"line":186,"type":"if","locations":[{"start":{"line":186,"column":8},"end":{"line":186,"column":8}},{"start":{"line":186,"column":8},"end":{"line":186,"column":8}}]},"5":{"line":186,"type":"binary-expr","locations":[{"start":{"line":186,"column":12},"end":{"line":186,"column":33}},{"start":{"line":186,"column":37},"end":{"line":186,"column":58}},{"start":{"line":186,"column":62},"end":{"line":186,"column":104}}]},"6":{"line":189,"type":"switch","locations":[{"start":{"line":190,"column":12},"end":{"line":192,"column":20}},{"start":{"line":193,"column":12},"end":{"line":195,"column":20}},{"start":{"line":196,"column":12},"end":{"line":198,"column":20}},{"start":{"line":199,"column":12},"end":{"line":201,"column":20}}]},"7":{"line":206,"type":"if","locations":[{"start":{"line":206,"column":4},"end":{"line":206,"column":4}},{"start":{"line":206,"column":4},"end":{"line":206,"column":4}}]},"8":{"line":206,"type":"binary-expr","locations":[{"start":{"line":206,"column":8},"end":{"line":206,"column":15}},{"start":{"line":206,"column":19},"end":{"line":206,"column":27}},{"start":{"line":206,"column":31},"end":{"line":206,"column":39}}]},"9":{"line":209,"type":"if","locations":[{"start":{"line":209,"column":2},"end":{"line":209,"column":2}},{"start":{"line":209,"column":2},"end":{"line":209,"column":2}}]},"10":{"line":209,"type":"binary-expr","locations":[{"start":{"line":209,"column":8},"end":{"line":209,"column":15}},{"start":{"line":209,"column":19},"end":{"line":209,"column":27}},{"start":{"line":209,"column":31},"end":{"line":209,"column":39}}]}},"code":["/*","    Author: Viktor Semykin <thesame.ml@gmail.com>","","    Written for fontello.com project.","*/","","'use strict';","","var ByteBuffer = require('microbuffer');","","/**"," * Offsets in EOT file structure. Refer to EOTPrefix in OpenTypeUtilities.cpp"," */","var EOT_OFFSET = {","  LENGTH:         0,","  FONT_LENGTH:    4,","  VERSION:        8,","  CHARSET:        26,","  MAGIC:          34,","  FONT_PANOSE:    16,","  ITALIC:         27,","  WEIGHT:         28,","  UNICODE_RANGE:  36,","  CODEPAGE_RANGE: 52,","  CHECKSUM_ADJUSTMENT: 60","};","","/**"," * Offsets in different SFNT (TTF) structures. See OpenTypeUtilities.cpp"," */","var SFNT_OFFSET = {","    // sfntHeader:","  NUMTABLES:      4,","","    // TableDirectoryEntry","  TABLE_TAG:      0,","  TABLE_OFFSET:   8,","  TABLE_LENGTH:   12,","","    // OS2Table","  OS2_WEIGHT:         4,","  OS2_FONT_PANOSE:    32,","  OS2_UNICODE_RANGE:  42,","  OS2_FS_SELECTION:   62,","  OS2_CODEPAGE_RANGE: 78,","","    // headTable","  HEAD_CHECKSUM_ADJUSTMENT:   8,","","    // nameTable","  NAMETABLE_FORMAT:   0,","  NAMETABLE_COUNT:    2,","  NAMETABLE_STRING_OFFSET:    4,","","    // nameRecord","  NAME_PLATFORM_ID:   0,","  NAME_ENCODING_ID:   2,","  NAME_LANGUAGE_ID:   4,","  NAME_NAME_ID:       6,","  NAME_LENGTH:        8,","  NAME_OFFSET:        10","};","","/**"," * Sizes of structures"," */","var SIZEOF = {","  SFNT_TABLE_ENTRY:   16,","  SFNT_HEADER:        12,","  SFNT_NAMETABLE:          6,","  SFNT_NAMETABLE_ENTRY:    12,","  EOT_PREFIX: 82","};","","/**"," * Magic numbers"," */","var MAGIC = {","  EOT_VERSION:    0x00020001,","  EOT_MAGIC:      0x504c,","  EOT_CHARSET:    1,","  LANGUAGE_ENGLISH:   0x0409","};","","/**"," * Utility function to convert buffer of utf16be chars to buffer of utf16le"," * chars prefixed with length and suffixed with zero"," */","function strbuf(str) {","  var b = new ByteBuffer(str.length + 4);","","  b.setUint16 (0, str.length, true);","","  for (var i = 0; i < str.length; i += 2) {","    b.setUint16 (i + 2, str.getUint16 (i), true);","  }","","  b.setUint16 (b.length - 2, 0, true);","","  return b;","}","","// Takes TTF font on input and returns ByteBuffer with EOT font","//","// Params:","//","// - arr(Array|Uint8Array)","//","function ttf2eot(arr) {","  var buf = new ByteBuffer(arr);","  var out = new ByteBuffer(SIZEOF.EOT_PREFIX),","      i, j;","","  out.fill(0);","  out.setUint32(EOT_OFFSET.FONT_LENGTH, buf.length, true);","  out.setUint32(EOT_OFFSET.VERSION, MAGIC.EOT_VERSION, true);","  out.setUint8(EOT_OFFSET.CHARSET, MAGIC.EOT_CHARSET);","  out.setUint16(EOT_OFFSET.MAGIC, MAGIC.EOT_MAGIC, true);","","  var familyName = [],","      subfamilyName = [],","      fullName = [],","      versionString = [];","","  var haveOS2 = false,","      haveName = false,","      haveHead = false;","","  var numTables = buf.getUint16 (SFNT_OFFSET.NUMTABLES);","","  for (i = 0; i < numTables; ++i) {","    var data = new ByteBuffer(buf, SIZEOF.SFNT_HEADER + i * SIZEOF.SFNT_TABLE_ENTRY);","    var tableEntry = {","      tag: data.toString (SFNT_OFFSET.TABLE_TAG, 4),","      offset: data.getUint32 (SFNT_OFFSET.TABLE_OFFSET),","      length: data.getUint32 (SFNT_OFFSET.TABLE_LENGTH)","    };","","    var table = new ByteBuffer(buf, tableEntry.offset, tableEntry.length);","","    if (tableEntry.tag === 'OS/2') {","      haveOS2 = true;","","      for (j = 0; j < 10; ++j) {","        out.setUint8 (EOT_OFFSET.FONT_PANOSE + j, table.getUint8 (SFNT_OFFSET.OS2_FONT_PANOSE + j));","      }","","      /*jshint bitwise:false */","      out.setUint8 (EOT_OFFSET.ITALIC, table.getUint16 (SFNT_OFFSET.OS2_FS_SELECTION) & 0x01);","      out.setUint32 (EOT_OFFSET.WEIGHT, table.getUint16 (SFNT_OFFSET.OS2_WEIGHT), true);","","      for (j = 0; j < 4; ++j) {","        out.setUint32 (EOT_OFFSET.UNICODE_RANGE + j * 4, table.getUint32 (SFNT_OFFSET.OS2_UNICODE_RANGE + j * 4), true);","      }","","      for (j = 0; j < 2; ++j) {","        out.setUint32 (EOT_OFFSET.CODEPAGE_RANGE + j * 4, table.getUint32 (SFNT_OFFSET.OS2_CODEPAGE_RANGE + j * 4), true);","      }","","    } else if (tableEntry.tag === 'head') {","","      haveHead = true;","      out.setUint32 (EOT_OFFSET.CHECKSUM_ADJUSTMENT, table.getUint32 (SFNT_OFFSET.HEAD_CHECKSUM_ADJUSTMENT), true);","","    } else if (tableEntry.tag === 'name') {","","      haveName = true;","","      var nameTable = {","        format: table.getUint16 (SFNT_OFFSET.NAMETABLE_FORMAT),","        count: table.getUint16 (SFNT_OFFSET.NAMETABLE_COUNT),","        stringOffset: table.getUint16 (SFNT_OFFSET.NAMETABLE_STRING_OFFSET)","      };","","      for (j = 0; j < nameTable.count; ++j) {","        var nameRecord = new ByteBuffer(table, SIZEOF.SFNT_NAMETABLE + j * SIZEOF.SFNT_NAMETABLE_ENTRY);","        var name = {","          platformID: nameRecord.getUint16 (SFNT_OFFSET.NAME_PLATFORM_ID),","          encodingID: nameRecord.getUint16 (SFNT_OFFSET.NAME_ENCODING_ID),","          languageID: nameRecord.getUint16 (SFNT_OFFSET.NAME_LANGUAGE_ID),","          nameID: nameRecord.getUint16 (SFNT_OFFSET.NAME_NAME_ID),","          length: nameRecord.getUint16 (SFNT_OFFSET.NAME_LENGTH),","          offset: nameRecord.getUint16 (SFNT_OFFSET.NAME_OFFSET)","        };","","        if (name.platformID === 3 && name.encodingID === 1 && name.languageID === MAGIC.LANGUAGE_ENGLISH) {","          var s = strbuf (new ByteBuffer(table, nameTable.stringOffset + name.offset, name.length));","","          switch (name.nameID) {","            case 1:","              familyName = s;","              break;","            case 2:","              subfamilyName = s;","              break;","            case 4:","              fullName = s;","              break;","            case 5:","              versionString = s;","              break;","          }","        }","      }","    }","    if (haveOS2 && haveName && haveHead) { break; }","  }","","  if (!(haveOS2 && haveName && haveHead)) {","    throw new Error ('Required section not found');","  }","","  // Calculate final length","  var len =","   out.length +","   familyName.length +","   subfamilyName.length +","   versionString.length +","   fullName.length +","   2 +","   buf.length;","","  // Create final buffer with the the same array type as input one.","  var eot = new ByteBuffer(len);","","  eot.writeBytes(out.buffer);","  eot.writeBytes(familyName.buffer);","  eot.writeBytes(subfamilyName.buffer);","  eot.writeBytes(versionString.buffer);","  eot.writeBytes(fullName.buffer);","  eot.writeBytes([ 0, 0 ]);","  eot.writeBytes(buf.buffer);","","  eot.setUint32(EOT_OFFSET.LENGTH, len, true); // Calculate overall length","","  return eot;","}","","module.exports = ttf2eot;",""],"l":{"9":1,"14":1,"31":1,"67":1,"78":1,"89":1,"90":0,"92":0,"94":0,"95":0,"98":0,"100":0,"109":1,"110":2,"111":2,"114":2,"115":2,"116":2,"117":2,"118":2,"120":2,"125":2,"129":2,"131":2,"132":0,"133":0,"139":0,"141":0,"142":0,"144":0,"145":0,"149":0,"150":0,"152":0,"153":0,"156":0,"157":0,"160":0,"162":0,"163":0,"165":0,"167":0,"169":0,"175":0,"176":0,"177":0,"186":0,"187":0,"189":0,"191":0,"192":0,"194":0,"195":0,"197":0,"198":0,"200":0,"201":0,"206":0,"209":2,"210":2,"214":0,"224":0,"226":0,"227":0,"228":0,"229":0,"230":0,"231":0,"232":0,"234":0,"236":0,"239":1}},"/home/travis/build/npmtest/node-npmtest-ttf2eot/node_modules/ttf2eot/ttf2eot.js":{"path":"/home/travis/build/npmtest/node-npmtest-ttf2eot/node_modules/ttf2eot/ttf2eot.js","s":{"1":2,"2":2,"3":2,"4":2,"5":2,"6":2,"7":2,"8":2,"9":2,"10":2,"11":0,"12":2,"13":2,"14":2,"15":0,"16":0,"17":2,"18":2,"19":0,"20":0,"21":0},"b":{"1":[0,2],"2":[0,0],"3":[0,0]},"f":{},"fnMap":{},"statementMap":{"1":{"start":{"line":10,"column":0},"end":{"line":10,"column":23}},"2":{"start":{"line":11,"column":0},"end":{"line":11,"column":56}},"3":{"start":{"line":13,"column":0},"end":{"line":13,"column":36}},"4":{"start":{"line":16,"column":0},"end":{"line":20,"column":3}},"5":{"start":{"line":22,"column":0},"end":{"line":28,"column":2}},"6":{"start":{"line":30,"column":0},"end":{"line":36,"column":2}},"7":{"start":{"line":40,"column":0},"end":{"line":40,"column":30}},"8":{"start":{"line":42,"column":0},"end":{"line":42,"column":16}},"9":{"start":{"line":44,"column":0},"end":{"line":55,"column":1}},"10":{"start":{"line":45,"column":2},"end":{"line":51,"column":3}},"11":{"start":{"line":46,"column":4},"end":{"line":46,"column":41}},"12":{"start":{"line":48,"column":4},"end":{"line":48,"column":47}},"13":{"start":{"line":49,"column":4},"end":{"line":49,"column":29}},"14":{"start":{"line":50,"column":4},"end":{"line":50,"column":53}},"15":{"start":{"line":53,"column":2},"end":{"line":53,"column":70}},"16":{"start":{"line":54,"column":2},"end":{"line":54,"column":18}},"17":{"start":{"line":57,"column":0},"end":{"line":57,"column":32}},"18":{"start":{"line":58,"column":0},"end":{"line":58,"column":42}},"19":{"start":{"line":60,"column":0},"end":{"line":64,"column":1}},"20":{"start":{"line":61,"column":2},"end":{"line":61,"column":38}},"21":{"start":{"line":63,"column":2},"end":{"line":63,"column":28}}},"branchMap":{"1":{"line":45,"type":"if","locations":[{"start":{"line":45,"column":2},"end":{"line":45,"column":2}},{"start":{"line":45,"column":2},"end":{"line":45,"column":2}}]},"2":{"line":53,"type":"binary-expr","locations":[{"start":{"line":53,"column":46},"end":{"line":53,"column":57}},{"start":{"line":53,"column":61},"end":{"line":53,"column":68}}]},"3":{"line":60,"type":"if","locations":[{"start":{"line":60,"column":0},"end":{"line":60,"column":0}},{"start":{"line":60,"column":0},"end":{"line":60,"column":0}}]}},"code":["//#!/usr/bin/env node","/*","    Author: Viktor Semykin <thesame.ml@gmail.com>","","    Written for fontello.com project.","*/","","'use strict';","","var fs = require('fs');","var ArgumentParser = require('argparse').ArgumentParser;","","var ttf2eot = require('./index.js');","","","var parser = new ArgumentParser ({","  version: require('./package.json').version,","  addHelp: true,","  description: 'TTF to EOT font converter'","});","","parser.addArgument (","  [ 'infile' ],","  {","    nargs: '?',","    help: 'Input file (stdin if not defined)'","  }",");","","parser.addArgument (","  [ 'outfile' ],","  {","    nargs: '?',","    help: 'Output file (stdout if not defined)'","  }",");","","/* eslint-disable no-console */","","var args = parser.parseArgs();","","var input, size;","","try {","  if (args.infile) {","    input = fs.readFileSync(args.infile);","  } else {","    size = fs.fstatSync(process.stdin.fd).size;","    input = new Buffer(size);","    fs.readSync(process.stdin.fd, input, 0, size, 0);","  }","} catch (e) {","  console.error(\"Can't open input file (%s)\", args.infile || 'stdin');","  process.exit(1);","}","","var ttf = new Uint8Array(input);","var eot = new Buffer(ttf2eot(ttf).buffer);","","if (args.outfile) {","  fs.writeFileSync(args.outfile, eot);","} else {","  process.stdout.write(eot);","}","",""],"l":{"10":2,"11":2,"13":2,"16":2,"22":2,"30":2,"40":2,"42":2,"44":2,"45":2,"46":0,"48":2,"49":2,"50":2,"53":0,"54":0,"57":2,"58":2,"60":0,"61":0,"63":0}}}